<?xml version="1.0" encoding="UTF-8"?>
<robot generator="Robot 3.2.2 (Python 3.8.2 on win32)" generated="20210412 11:20:42.750" rpa="true">
<suite id="s1" name="BrowserBased" source="C:\Users\Lenovo\Documents\workspace\AJob\BrowserBased.robot">
<test id="s1-t1" name="Browser">
<kw name="opening browser">
<kw name="Open Available Browser" library="Autosphere.Browser">
<doc>Opens the first available browser in the system in preferred order, or the
given browser (``browser_selection``).</doc>
<arguments>
<arg>url=https://www.amazon.com/</arg>
</arguments>
<msg timestamp="20210412 11:20:44.999" level="INFO">Created download root directory: C:\Users\Lenovo\AppData\Local\rasjani\WebDriverManager</msg>
<msg timestamp="20210412 11:20:45.000" level="INFO">Created symlink directory: C:\Users\Lenovo\AppData\Local\rasjani\WebDriverManager\bin</msg>
<msg timestamp="20210412 11:20:45.001" level="INFO">Creating an instance of the Chrome WebDriver.</msg>
<msg timestamp="20210412 11:20:46.793" level="INFO">Created Chrome browser with arguments: --disable-web-security --allow-running-insecure-content --no-sandbox</msg>
<msg timestamp="20210412 11:20:46.793" level="INFO" html="yes">&lt;p&gt;Attempted combinations:&lt;/p&gt;&lt;div class="doc"&gt;&lt;table&gt;&lt;tr&gt;&lt;th&gt;Browser&lt;/th&gt;&lt;th&gt;Headless&lt;/th&gt;&lt;th&gt;Download&lt;/th&gt;&lt;th&gt;Error&lt;/th&gt;&lt;/tr&gt;&lt;tr&gt;&lt;td&gt;Chrome&lt;/td&gt;&lt;td&gt;False&lt;/td&gt;&lt;td&gt;False&lt;/td&gt;&lt;td&gt;&lt;/td&gt;&lt;/tr&gt;&lt;/table&gt;&lt;/div&gt;</msg>
<msg timestamp="20210412 11:20:46.793" level="INFO">Opening url 'https://www.amazon.com/'</msg>
<status status="PASS" starttime="20210412 11:20:44.939" endtime="20210412 11:21:28.094"></status>
</kw>
<kw name="Input Text" library="Autosphere.Browser">
<doc>Types the given ``text`` into the text field identified by ``locator``.</doc>
<arguments>
<arg>locator=//*[@id="twotabsearchtextbox"]</arg>
<arg>text=Laptop</arg>
</arguments>
<msg timestamp="20210412 11:21:28.095" level="INFO">Typing text 'Laptop' into text field '//*[@id="twotabsearchtextbox"]'.</msg>
<kw name="Capture Page Screenshot" library="Autosphere.Browser">
<doc>Takes a screenshot of the current page and embeds it into a log file.</doc>
<msg timestamp="20210412 11:21:28.213" level="FAIL">NoSuchWindowException: Message: no such window: target window already closed
from unknown error: web view not found
  (Session info: chrome=89.0.4389.114)
</msg>
<status status="FAIL" starttime="20210412 11:21:28.101" endtime="20210412 11:21:28.213"></status>
</kw>
<msg timestamp="20210412 11:21:28.213" level="WARN">Keyword 'Capture Page Screenshot' could not be run on failure: NoSuchWindowException: Message: no such window: target window already closed
from unknown error: web view not found
  (Session info: chrome=89.0.4389.114)
</msg>
<msg timestamp="20210412 11:21:28.273" level="FAIL">NoSuchWindowException: Message: no such window: target window already closed
from unknown error: web view not found
  (Session info: chrome=89.0.4389.114)
</msg>
<status status="FAIL" starttime="20210412 11:21:28.094" endtime="20210412 11:21:28.273"></status>
</kw>
<status status="FAIL" starttime="20210412 11:20:44.937" endtime="20210412 11:21:28.274"></status>
</kw>
<status status="FAIL" starttime="20210412 11:20:44.933" endtime="20210412 11:21:28.274" critical="yes">NoSuchWindowException: Message: no such window: target window already closed
from unknown error: web view not found
  (Session info: chrome=89.0.4389.114)
</status>
</test>
<status status="FAIL" starttime="20210412 11:20:42.753" endtime="20210412 11:21:28.276"></status>
</suite>
<statistics>
<total>
<stat pass="0" fail="1">Critical Tasks</stat>
<stat pass="0" fail="1">All Tasks</stat>
</total>
<tag>
</tag>
<suite>
<stat pass="0" fail="1" id="s1" name="BrowserBased">BrowserBased</stat>
</suite>
</statistics>
<errors>
<msg timestamp="20210412 11:20:44.925" level="ERROR">Error in file 'C:\Users\Lenovo\Documents\workspace\AJob\BrowserBased.robot' on line 6: Setting variable '${ver}' failed: Variable '@{list}' not found.</msg>
<msg timestamp="20210412 11:21:28.213" level="WARN">Keyword 'Capture Page Screenshot' could not be run on failure: NoSuchWindowException: Message: no such window: target window already closed
from unknown error: web view not found
  (Session info: chrome=89.0.4389.114)
</msg>
</errors>
</robot>
